<?xml version="1.0" encoding="UTF-8"?>
<testng-results ignored="0" total="0" passed="0" failed="0" skipped="0">
  <reporter-output>
  </reporter-output>
  <suite started-at="2021-12-06T17:51:37 ART" name="org.example.user.HandlerTest" finished-at="2021-12-06T17:51:37 ART" duration-ms="11">
    <groups>
    </groups>
    <test started-at="2021-12-06T17:51:37 ART" name="Command line test" finished-at="2021-12-06T17:51:37 ART" duration-ms="11">
    </test> <!-- Command line test -->
  </suite> <!-- org.example.user.HandlerTest -->
</testng-results>
